<?xml version="1.0" encoding="UTF-8"?>
<testsuite xmlns:xsi="http://www.w3.org/2001/XMLSchema-instance" xsi:noNamespaceSchemaLocation="https://maven.apache.org/surefire/maven-surefire-plugin/xsd/surefire-test-report.xsd" name="com.promise.DroolsApplicationTests" time="4.349" tests="2" errors="0" skipped="0" failures="0">
  <properties>
    <property name="sun.desktop" value="windows"/>
    <property name="awt.toolkit" value="sun.awt.windows.WToolkit"/>
    <property name="file.encoding.pkg" value="sun.io"/>
    <property name="java.specification.version" value="1.8"/>
    <property name="sun.cpu.isalist" value="amd64"/>
    <property name="sun.jnu.encoding" value="GBK"/>
    <property name="java.class.path" value="D:\bbbCode\IndividualProject\GameInformation\Java\target\test-classes;D:\bbbCode\IndividualProject\GameInformation\Java\target\classes;D:\maven\repository\io\springfox\springfox-swagger-ui\2.9.2\springfox-swagger-ui-2.9.2.jar;D:\maven\repository\io\springfox\springfox-spring-web\2.9.2\springfox-spring-web-2.9.2.jar;D:\maven\repository\io\springfox\springfox-swagger2\2.9.2\springfox-swagger2-2.9.2.jar;D:\maven\repository\io\swagger\swagger-annotations\1.5.20\swagger-annotations-1.5.20.jar;D:\maven\repository\io\swagger\swagger-models\1.5.20\swagger-models-1.5.20.jar;D:\maven\repository\com\fasterxml\jackson\core\jackson-annotations\2.13.5\jackson-annotations-2.13.5.jar;D:\maven\repository\io\springfox\springfox-spi\2.9.2\springfox-spi-2.9.2.jar;D:\maven\repository\io\springfox\springfox-core\2.9.2\springfox-core-2.9.2.jar;D:\maven\repository\io\springfox\springfox-schema\2.9.2\springfox-schema-2.9.2.jar;D:\maven\repository\io\springfox\springfox-swagger-common\2.9.2\springfox-swagger-common-2.9.2.jar;D:\maven\repository\com\google\guava\guava\20.0\guava-20.0.jar;D:\maven\repository\com\fasterxml\classmate\1.5.1\classmate-1.5.1.jar;D:\maven\repository\org\slf4j\slf4j-api\1.7.36\slf4j-api-1.7.36.jar;D:\maven\repository\org\springframework\plugin\spring-plugin-core\1.2.0.RELEASE\spring-plugin-core-1.2.0.RELEASE.jar;D:\maven\repository\org\springframework\spring-aop\5.3.26\spring-aop-5.3.26.jar;D:\maven\repository\org\springframework\plugin\spring-plugin-metadata\1.2.0.RELEASE\spring-plugin-metadata-1.2.0.RELEASE.jar;D:\maven\repository\org\mapstruct\mapstruct\1.2.0.Final\mapstruct-1.2.0.Final.jar;D:\maven\repository\org\drools\drools-compiler\7.70.0.Final\drools-compiler-7.70.0.Final.jar;D:\maven\repository\org\drools\drools-core-reflective\7.70.0.Final\drools-core-reflective-7.70.0.Final.jar;D:\maven\repository\org\kie\kie-memory-compiler\7.70.0.Final\kie-memory-compiler-7.70.0.Final.jar;D:\maven\repository\org\drools\drools-ecj\7.70.0.Final\drools-ecj-7.70.0.Final.jar;D:\maven\repository\org\kie\kie-api\7.70.0.Final\kie-api-7.70.0.Final.jar;D:\maven\repository\org\kie\kie-internal\7.70.0.Final\kie-internal-7.70.0.Final.jar;D:\maven\repository\org\kie\soup\kie-soup-maven-support\7.70.0.Final\kie-soup-maven-support-7.70.0.Final.jar;D:\maven\repository\org\antlr\antlr-runtime\3.5.2\antlr-runtime-3.5.2.jar;D:\maven\repository\com\thoughtworks\xstream\xstream\1.4.19\xstream-1.4.19.jar;D:\maven\repository\io\github\x-stream\mxparser\1.2.2\mxparser-1.2.2.jar;D:\maven\repository\xmlpull\xmlpull\1.1.3.1\xmlpull-1.1.3.1.jar;D:\maven\repository\org\springframework\boot\spring-boot-starter-jdbc\2.7.10\spring-boot-starter-jdbc-2.7.10.jar;D:\maven\repository\org\springframework\boot\spring-boot-starter\2.7.10\spring-boot-starter-2.7.10.jar;D:\maven\repository\org\springframework\boot\spring-boot-starter-logging\2.7.10\spring-boot-starter-logging-2.7.10.jar;D:\maven\repository\ch\qos\logback\logback-classic\1.2.11\logback-classic-1.2.11.jar;D:\maven\repository\ch\qos\logback\logback-core\1.2.11\logback-core-1.2.11.jar;D:\maven\repository\org\apache\logging\log4j\log4j-to-slf4j\2.17.2\log4j-to-slf4j-2.17.2.jar;D:\maven\repository\org\apache\logging\log4j\log4j-api\2.17.2\log4j-api-2.17.2.jar;D:\maven\repository\org\slf4j\jul-to-slf4j\1.7.36\jul-to-slf4j-1.7.36.jar;D:\maven\repository\jakarta\annotation\jakarta.annotation-api\1.3.5\jakarta.annotation-api-1.3.5.jar;D:\maven\repository\org\yaml\snakeyaml\1.30\snakeyaml-1.30.jar;D:\maven\repository\com\zaxxer\HikariCP\4.0.3\HikariCP-4.0.3.jar;D:\maven\repository\org\springframework\spring-jdbc\5.3.26\spring-jdbc-5.3.26.jar;D:\maven\repository\org\springframework\boot\spring-boot-starter-web\2.7.10\spring-boot-starter-web-2.7.10.jar;D:\maven\repository\org\springframework\boot\spring-boot-starter-json\2.7.10\spring-boot-starter-json-2.7.10.jar;D:\maven\repository\com\fasterxml\jackson\datatype\jackson-datatype-jdk8\2.13.5\jackson-datatype-jdk8-2.13.5.jar;D:\maven\repository\com\fasterxml\jackson\datatype\jackson-datatype-jsr310\2.13.5\jackson-datatype-jsr310-2.13.5.jar;D:\maven\repository\com\fasterxml\jackson\module\jackson-module-parameter-names\2.13.5\jackson-module-parameter-names-2.13.5.jar;D:\maven\repository\org\springframework\boot\spring-boot-starter-tomcat\2.7.10\spring-boot-starter-tomcat-2.7.10.jar;D:\maven\repository\org\apache\tomcat\embed\tomcat-embed-core\9.0.73\tomcat-embed-core-9.0.73.jar;D:\maven\repository\org\apache\tomcat\embed\tomcat-embed-el\9.0.73\tomcat-embed-el-9.0.73.jar;D:\maven\repository\org\apache\tomcat\embed\tomcat-embed-websocket\9.0.73\tomcat-embed-websocket-9.0.73.jar;D:\maven\repository\org\springframework\spring-web\5.3.26\spring-web-5.3.26.jar;D:\maven\repository\org\springframework\spring-webmvc\5.3.26\spring-webmvc-5.3.26.jar;D:\maven\repository\org\springframework\spring-expression\5.3.26\spring-expression-5.3.26.jar;D:\maven\repository\org\springframework\boot\spring-boot-starter-test\2.7.10\spring-boot-starter-test-2.7.10.jar;D:\maven\repository\org\springframework\boot\spring-boot-test\2.7.10\spring-boot-test-2.7.10.jar;D:\maven\repository\org\springframework\boot\spring-boot-test-autoconfigure\2.7.10\spring-boot-test-autoconfigure-2.7.10.jar;D:\maven\repository\com\jayway\jsonpath\json-path\2.7.0\json-path-2.7.0.jar;D:\maven\repository\net\minidev\json-smart\2.4.10\json-smart-2.4.10.jar;D:\maven\repository\net\minidev\accessors-smart\2.4.9\accessors-smart-2.4.9.jar;D:\maven\repository\org\ow2\asm\asm\9.3\asm-9.3.jar;D:\maven\repository\jakarta\xml\bind\jakarta.xml.bind-api\2.3.3\jakarta.xml.bind-api-2.3.3.jar;D:\maven\repository\jakarta\activation\jakarta.activation-api\1.2.2\jakarta.activation-api-1.2.2.jar;D:\maven\repository\org\assertj\assertj-core\3.22.0\assertj-core-3.22.0.jar;D:\maven\repository\org\hamcrest\hamcrest\2.2\hamcrest-2.2.jar;D:\maven\repository\org\junit\jupiter\junit-jupiter\5.8.2\junit-jupiter-5.8.2.jar;D:\maven\repository\org\junit\jupiter\junit-jupiter-api\5.8.2\junit-jupiter-api-5.8.2.jar;D:\maven\repository\org\opentest4j\opentest4j\1.2.0\opentest4j-1.2.0.jar;D:\maven\repository\org\junit\platform\junit-platform-commons\1.8.2\junit-platform-commons-1.8.2.jar;D:\maven\repository\org\apiguardian\apiguardian-api\1.1.2\apiguardian-api-1.1.2.jar;D:\maven\repository\org\junit\jupiter\junit-jupiter-params\5.8.2\junit-jupiter-params-5.8.2.jar;D:\maven\repository\org\junit\jupiter\junit-jupiter-engine\5.8.2\junit-jupiter-engine-5.8.2.jar;D:\maven\repository\org\junit\platform\junit-platform-engine\1.8.2\junit-platform-engine-1.8.2.jar;D:\maven\repository\org\mockito\mockito-core\4.5.1\mockito-core-4.5.1.jar;D:\maven\repository\net\bytebuddy\byte-buddy\1.12.23\byte-buddy-1.12.23.jar;D:\maven\repository\net\bytebuddy\byte-buddy-agent\1.12.23\byte-buddy-agent-1.12.23.jar;D:\maven\repository\org\objenesis\objenesis\3.2\objenesis-3.2.jar;D:\maven\repository\org\mockito\mockito-junit-jupiter\4.5.1\mockito-junit-jupiter-4.5.1.jar;D:\maven\repository\org\skyscreamer\jsonassert\1.5.1\jsonassert-1.5.1.jar;D:\maven\repository\com\vaadin\external\google\android-json\0.0.20131108.vaadin1\android-json-0.0.20131108.vaadin1.jar;D:\maven\repository\org\springframework\spring-core\5.3.26\spring-core-5.3.26.jar;D:\maven\repository\org\springframework\spring-jcl\5.3.26\spring-jcl-5.3.26.jar;D:\maven\repository\org\springframework\spring-test\5.3.26\spring-test-5.3.26.jar;D:\maven\repository\org\xmlunit\xmlunit-core\2.9.1\xmlunit-core-2.9.1.jar;D:\maven\repository\com\mysql\mysql-connector-j\8.0.32\mysql-connector-j-8.0.32.jar;D:\maven\repository\org\kie\kie-spring\7.70.0.Final\kie-spring-7.70.0.Final.jar;D:\maven\repository\org\jbpm\jbpm-flow\7.70.0.Final\jbpm-flow-7.70.0.Final.jar;D:\maven\repository\org\drools\drools-mvel\7.70.0.Final\drools-mvel-7.70.0.Final.jar;D:\maven\repository\org\drools\drools-serialization-protobuf\7.70.0.Final\drools-serialization-protobuf-7.70.0.Final.jar;D:\maven\repository\org\kie\soup\kie-soup-commons\7.70.0.Final\kie-soup-commons-7.70.0.Final.jar;D:\maven\repository\org\kie\soup\kie-soup-project-datamodel-commons\7.70.0.Final\kie-soup-project-datamodel-commons-7.70.0.Final.jar;D:\maven\repository\org\kie\soup\kie-soup-project-datamodel-api\7.70.0.Final\kie-soup-project-datamodel-api-7.70.0.Final.jar;D:\maven\repository\org\kie\kie-dmn-api\7.70.0.Final\kie-dmn-api-7.70.0.Final.jar;D:\maven\repository\org\kie\kie-dmn-feel\7.70.0.Final\kie-dmn-feel-7.70.0.Final.jar;D:\maven\repository\org\kie\kie-dmn-model\7.70.0.Final\kie-dmn-model-7.70.0.Final.jar;D:\maven\repository\org\antlr\antlr4-runtime\4.9.2\antlr4-runtime-4.9.2.jar;D:\maven\repository\com\github\javaparser\javaparser-core\3.23.1\javaparser-core-3.23.1.jar;D:\maven\repository\ch\obermuhlner\big-math\2.0.1\big-math-2.0.1.jar;D:\maven\repository\org\kie\kie-dmn-core\7.70.0.Final\kie-dmn-core-7.70.0.Final.jar;D:\maven\repository\org\kie\kie-dmn-backend\7.70.0.Final\kie-dmn-backend-7.70.0.Final.jar;D:\maven\repository\org\drools\drools-ruleunit\7.70.0.Final\drools-ruleunit-7.70.0.Final.jar;D:\maven\repository\org\drools\drools-canonical-model\7.70.0.Final\drools-canonical-model-7.70.0.Final.jar;D:\maven\repository\org\drools\drools-model-compiler\7.70.0.Final\drools-model-compiler-7.70.0.Final.jar;D:\maven\repository\org\drools\drools-mvel-compiler\7.70.0.Final\drools-mvel-compiler-7.70.0.Final.jar;D:\maven\repository\org\drools\drools-mvel-parser\7.70.0.Final\drools-mvel-parser-7.70.0.Final.jar;D:\maven\repository\org\drools\drools-alphanetwork-compiler\7.70.0.Final\drools-alphanetwork-compiler-7.70.0.Final.jar;D:\maven\repository\org\jpmml\pmml-model\1.5.1\pmml-model-1.5.1.jar;D:\maven\repository\org\jpmml\pmml-agent\1.5.1\pmml-agent-1.5.1.jar;D:\maven\repository\com\google\protobuf\protobuf-java\3.19.4\protobuf-java-3.19.4.jar;D:\maven\repository\org\mvel\mvel2\2.4.14.Final\mvel2-2.4.14.Final.jar;D:\maven\repository\org\apache\commons\commons-lang3\3.12.0\commons-lang3-3.12.0.jar;D:\maven\repository\org\springframework\spring-tx\5.3.26\spring-tx-5.3.26.jar;D:\maven\repository\org\drools\drools-core-dynamic\7.70.0.Final\drools-core-dynamic-7.70.0.Final.jar;D:\maven\repository\org\drools\drools-decisiontables\7.70.0.Final\drools-decisiontables-7.70.0.Final.jar;D:\maven\repository\org\drools\drools-templates\7.70.0.Final\drools-templates-7.70.0.Final.jar;D:\maven\repository\org\apache\poi\poi-ooxml\4.1.2\poi-ooxml-4.1.2.jar;D:\maven\repository\org\apache\poi\poi-ooxml-schemas\4.1.2\poi-ooxml-schemas-4.1.2.jar;D:\maven\repository\org\apache\xmlbeans\xmlbeans\3.1.0\xmlbeans-3.1.0.jar;D:\maven\repository\org\apache\commons\commons-compress\1.19\commons-compress-1.19.jar;D:\maven\repository\com\github\virtuald\curvesapi\1.06\curvesapi-1.06.jar;D:\maven\repository\org\apache\poi\poi\4.1.2\poi-4.1.2.jar;D:\maven\repository\org\apache\commons\commons-collections4\4.4\commons-collections4-4.4.jar;D:\maven\repository\org\apache\commons\commons-math3\3.6.1\commons-math3-3.6.1.jar;D:\maven\repository\com\zaxxer\SparseBitSet\1.2\SparseBitSet-1.2.jar;D:\maven\repository\org\springframework\spring-beans\5.3.26\spring-beans-5.3.26.jar;D:\maven\repository\org\springframework\spring-context\5.3.26\spring-context-5.3.26.jar;D:\maven\repository\org\drools\drools-core\7.70.0.Final\drools-core-7.70.0.Final.jar;D:\maven\repository\org\kie\soup\kie-soup-xstream\7.70.0.Final\kie-soup-xstream-7.70.0.Final.jar;D:\maven\repository\commons-codec\commons-codec\1.15\commons-codec-1.15.jar;D:\maven\repository\com\baomidou\mybatis-plus-boot-starter\3.5.3.1\mybatis-plus-boot-starter-3.5.3.1.jar;D:\maven\repository\com\baomidou\mybatis-plus\3.5.3.1\mybatis-plus-3.5.3.1.jar;D:\maven\repository\com\baomidou\mybatis-plus-extension\3.5.3.1\mybatis-plus-extension-3.5.3.1.jar;D:\maven\repository\com\baomidou\mybatis-plus-core\3.5.3.1\mybatis-plus-core-3.5.3.1.jar;D:\maven\repository\com\baomidou\mybatis-plus-annotation\3.5.3.1\mybatis-plus-annotation-3.5.3.1.jar;D:\maven\repository\com\github\jsqlparser\jsqlparser\4.4\jsqlparser-4.4.jar;D:\maven\repository\org\mybatis\mybatis\3.5.10\mybatis-3.5.10.jar;D:\maven\repository\org\mybatis\mybatis-spring\2.0.7\mybatis-spring-2.0.7.jar;D:\maven\repository\org\springframework\boot\spring-boot-autoconfigure\2.7.10\spring-boot-autoconfigure-2.7.10.jar;D:\maven\repository\com\alibaba\druid\1.1.9\druid-1.1.9.jar;D:\maven\repository\org\projectlombok\lombok\1.18.26\lombok-1.18.26.jar;D:\maven\repository\com\auth0\java-jwt\3.8.2\java-jwt-3.8.2.jar;D:\maven\repository\com\fasterxml\jackson\core\jackson-databind\2.13.5\jackson-databind-2.13.5.jar;D:\maven\repository\com\fasterxml\jackson\core\jackson-core\2.13.5\jackson-core-2.13.5.jar;D:\maven\repository\org\springframework\boot\spring-boot-devtools\2.7.10\spring-boot-devtools-2.7.10.jar;D:\maven\repository\org\springframework\boot\spring-boot\2.7.10\spring-boot-2.7.10.jar;D:\maven\repository\junit\junit\4.13.2\junit-4.13.2.jar;D:\maven\repository\org\hamcrest\hamcrest-core\2.2\hamcrest-core-2.2.jar;"/>
    <property name="java.vm.vendor" value="Oracle Corporation"/>
    <property name="sun.arch.data.model" value="64"/>
    <property name="user.variant" value=""/>
    <property name="java.vendor.url" value="http://java.oracle.com/"/>
    <property name="user.timezone" value="Asia/Shanghai"/>
    <property name="java.vm.specification.version" value="1.8"/>
    <property name="os.name" value="Windows 10"/>
    <property name="user.country" value="CN"/>
    <property name="sun.java.launcher" value="SUN_STANDARD"/>
    <property name="sun.boot.library.path" value="D:\jdk8\jre\bin"/>
    <property name="sun.java.command" value="C:\Users\lizh-w\AppData\Local\Temp\surefire5520601205564452230\surefirebooter1048934020235849355.jar C:\Users\lizh-w\AppData\Local\Temp\surefire5520601205564452230 2025-01-20T17-46-16_023-jvmRun1 surefire352647701142467514tmp surefire_03316651814879805676tmp"/>
    <property name="surefire.test.class.path" value="D:\bbbCode\IndividualProject\GameInformation\Java\target\test-classes;D:\bbbCode\IndividualProject\GameInformation\Java\target\classes;D:\maven\repository\io\springfox\springfox-swagger-ui\2.9.2\springfox-swagger-ui-2.9.2.jar;D:\maven\repository\io\springfox\springfox-spring-web\2.9.2\springfox-spring-web-2.9.2.jar;D:\maven\repository\io\springfox\springfox-swagger2\2.9.2\springfox-swagger2-2.9.2.jar;D:\maven\repository\io\swagger\swagger-annotations\1.5.20\swagger-annotations-1.5.20.jar;D:\maven\repository\io\swagger\swagger-models\1.5.20\swagger-models-1.5.20.jar;D:\maven\repository\com\fasterxml\jackson\core\jackson-annotations\2.13.5\jackson-annotations-2.13.5.jar;D:\maven\repository\io\springfox\springfox-spi\2.9.2\springfox-spi-2.9.2.jar;D:\maven\repository\io\springfox\springfox-core\2.9.2\springfox-core-2.9.2.jar;D:\maven\repository\io\springfox\springfox-schema\2.9.2\springfox-schema-2.9.2.jar;D:\maven\repository\io\springfox\springfox-swagger-common\2.9.2\springfox-swagger-common-2.9.2.jar;D:\maven\repository\com\google\guava\guava\20.0\guava-20.0.jar;D:\maven\repository\com\fasterxml\classmate\1.5.1\classmate-1.5.1.jar;D:\maven\repository\org\slf4j\slf4j-api\1.7.36\slf4j-api-1.7.36.jar;D:\maven\repository\org\springframework\plugin\spring-plugin-core\1.2.0.RELEASE\spring-plugin-core-1.2.0.RELEASE.jar;D:\maven\repository\org\springframework\spring-aop\5.3.26\spring-aop-5.3.26.jar;D:\maven\repository\org\springframework\plugin\spring-plugin-metadata\1.2.0.RELEASE\spring-plugin-metadata-1.2.0.RELEASE.jar;D:\maven\repository\org\mapstruct\mapstruct\1.2.0.Final\mapstruct-1.2.0.Final.jar;D:\maven\repository\org\drools\drools-compiler\7.70.0.Final\drools-compiler-7.70.0.Final.jar;D:\maven\repository\org\drools\drools-core-reflective\7.70.0.Final\drools-core-reflective-7.70.0.Final.jar;D:\maven\repository\org\kie\kie-memory-compiler\7.70.0.Final\kie-memory-compiler-7.70.0.Final.jar;D:\maven\repository\org\drools\drools-ecj\7.70.0.Final\drools-ecj-7.70.0.Final.jar;D:\maven\repository\org\kie\kie-api\7.70.0.Final\kie-api-7.70.0.Final.jar;D:\maven\repository\org\kie\kie-internal\7.70.0.Final\kie-internal-7.70.0.Final.jar;D:\maven\repository\org\kie\soup\kie-soup-maven-support\7.70.0.Final\kie-soup-maven-support-7.70.0.Final.jar;D:\maven\repository\org\antlr\antlr-runtime\3.5.2\antlr-runtime-3.5.2.jar;D:\maven\repository\com\thoughtworks\xstream\xstream\1.4.19\xstream-1.4.19.jar;D:\maven\repository\io\github\x-stream\mxparser\1.2.2\mxparser-1.2.2.jar;D:\maven\repository\xmlpull\xmlpull\1.1.3.1\xmlpull-1.1.3.1.jar;D:\maven\repository\org\springframework\boot\spring-boot-starter-jdbc\2.7.10\spring-boot-starter-jdbc-2.7.10.jar;D:\maven\repository\org\springframework\boot\spring-boot-starter\2.7.10\spring-boot-starter-2.7.10.jar;D:\maven\repository\org\springframework\boot\spring-boot-starter-logging\2.7.10\spring-boot-starter-logging-2.7.10.jar;D:\maven\repository\ch\qos\logback\logback-classic\1.2.11\logback-classic-1.2.11.jar;D:\maven\repository\ch\qos\logback\logback-core\1.2.11\logback-core-1.2.11.jar;D:\maven\repository\org\apache\logging\log4j\log4j-to-slf4j\2.17.2\log4j-to-slf4j-2.17.2.jar;D:\maven\repository\org\apache\logging\log4j\log4j-api\2.17.2\log4j-api-2.17.2.jar;D:\maven\repository\org\slf4j\jul-to-slf4j\1.7.36\jul-to-slf4j-1.7.36.jar;D:\maven\repository\jakarta\annotation\jakarta.annotation-api\1.3.5\jakarta.annotation-api-1.3.5.jar;D:\maven\repository\org\yaml\snakeyaml\1.30\snakeyaml-1.30.jar;D:\maven\repository\com\zaxxer\HikariCP\4.0.3\HikariCP-4.0.3.jar;D:\maven\repository\org\springframework\spring-jdbc\5.3.26\spring-jdbc-5.3.26.jar;D:\maven\repository\org\springframework\boot\spring-boot-starter-web\2.7.10\spring-boot-starter-web-2.7.10.jar;D:\maven\repository\org\springframework\boot\spring-boot-starter-json\2.7.10\spring-boot-starter-json-2.7.10.jar;D:\maven\repository\com\fasterxml\jackson\datatype\jackson-datatype-jdk8\2.13.5\jackson-datatype-jdk8-2.13.5.jar;D:\maven\repository\com\fasterxml\jackson\datatype\jackson-datatype-jsr310\2.13.5\jackson-datatype-jsr310-2.13.5.jar;D:\maven\repository\com\fasterxml\jackson\module\jackson-module-parameter-names\2.13.5\jackson-module-parameter-names-2.13.5.jar;D:\maven\repository\org\springframework\boot\spring-boot-starter-tomcat\2.7.10\spring-boot-starter-tomcat-2.7.10.jar;D:\maven\repository\org\apache\tomcat\embed\tomcat-embed-core\9.0.73\tomcat-embed-core-9.0.73.jar;D:\maven\repository\org\apache\tomcat\embed\tomcat-embed-el\9.0.73\tomcat-embed-el-9.0.73.jar;D:\maven\repository\org\apache\tomcat\embed\tomcat-embed-websocket\9.0.73\tomcat-embed-websocket-9.0.73.jar;D:\maven\repository\org\springframework\spring-web\5.3.26\spring-web-5.3.26.jar;D:\maven\repository\org\springframework\spring-webmvc\5.3.26\spring-webmvc-5.3.26.jar;D:\maven\repository\org\springframework\spring-expression\5.3.26\spring-expression-5.3.26.jar;D:\maven\repository\org\springframework\boot\spring-boot-starter-test\2.7.10\spring-boot-starter-test-2.7.10.jar;D:\maven\repository\org\springframework\boot\spring-boot-test\2.7.10\spring-boot-test-2.7.10.jar;D:\maven\repository\org\springframework\boot\spring-boot-test-autoconfigure\2.7.10\spring-boot-test-autoconfigure-2.7.10.jar;D:\maven\repository\com\jayway\jsonpath\json-path\2.7.0\json-path-2.7.0.jar;D:\maven\repository\net\minidev\json-smart\2.4.10\json-smart-2.4.10.jar;D:\maven\repository\net\minidev\accessors-smart\2.4.9\accessors-smart-2.4.9.jar;D:\maven\repository\org\ow2\asm\asm\9.3\asm-9.3.jar;D:\maven\repository\jakarta\xml\bind\jakarta.xml.bind-api\2.3.3\jakarta.xml.bind-api-2.3.3.jar;D:\maven\repository\jakarta\activation\jakarta.activation-api\1.2.2\jakarta.activation-api-1.2.2.jar;D:\maven\repository\org\assertj\assertj-core\3.22.0\assertj-core-3.22.0.jar;D:\maven\repository\org\hamcrest\hamcrest\2.2\hamcrest-2.2.jar;D:\maven\repository\org\junit\jupiter\junit-jupiter\5.8.2\junit-jupiter-5.8.2.jar;D:\maven\repository\org\junit\jupiter\junit-jupiter-api\5.8.2\junit-jupiter-api-5.8.2.jar;D:\maven\repository\org\opentest4j\opentest4j\1.2.0\opentest4j-1.2.0.jar;D:\maven\repository\org\junit\platform\junit-platform-commons\1.8.2\junit-platform-commons-1.8.2.jar;D:\maven\repository\org\apiguardian\apiguardian-api\1.1.2\apiguardian-api-1.1.2.jar;D:\maven\repository\org\junit\jupiter\junit-jupiter-params\5.8.2\junit-jupiter-params-5.8.2.jar;D:\maven\repository\org\junit\jupiter\junit-jupiter-engine\5.8.2\junit-jupiter-engine-5.8.2.jar;D:\maven\repository\org\junit\platform\junit-platform-engine\1.8.2\junit-platform-engine-1.8.2.jar;D:\maven\repository\org\mockito\mockito-core\4.5.1\mockito-core-4.5.1.jar;D:\maven\repository\net\bytebuddy\byte-buddy\1.12.23\byte-buddy-1.12.23.jar;D:\maven\repository\net\bytebuddy\byte-buddy-agent\1.12.23\byte-buddy-agent-1.12.23.jar;D:\maven\repository\org\objenesis\objenesis\3.2\objenesis-3.2.jar;D:\maven\repository\org\mockito\mockito-junit-jupiter\4.5.1\mockito-junit-jupiter-4.5.1.jar;D:\maven\repository\org\skyscreamer\jsonassert\1.5.1\jsonassert-1.5.1.jar;D:\maven\repository\com\vaadin\external\google\android-json\0.0.20131108.vaadin1\android-json-0.0.20131108.vaadin1.jar;D:\maven\repository\org\springframework\spring-core\5.3.26\spring-core-5.3.26.jar;D:\maven\repository\org\springframework\spring-jcl\5.3.26\spring-jcl-5.3.26.jar;D:\maven\repository\org\springframework\spring-test\5.3.26\spring-test-5.3.26.jar;D:\maven\repository\org\xmlunit\xmlunit-core\2.9.1\xmlunit-core-2.9.1.jar;D:\maven\repository\com\mysql\mysql-connector-j\8.0.32\mysql-connector-j-8.0.32.jar;D:\maven\repository\org\kie\kie-spring\7.70.0.Final\kie-spring-7.70.0.Final.jar;D:\maven\repository\org\jbpm\jbpm-flow\7.70.0.Final\jbpm-flow-7.70.0.Final.jar;D:\maven\repository\org\drools\drools-mvel\7.70.0.Final\drools-mvel-7.70.0.Final.jar;D:\maven\repository\org\drools\drools-serialization-protobuf\7.70.0.Final\drools-serialization-protobuf-7.70.0.Final.jar;D:\maven\repository\org\kie\soup\kie-soup-commons\7.70.0.Final\kie-soup-commons-7.70.0.Final.jar;D:\maven\repository\org\kie\soup\kie-soup-project-datamodel-commons\7.70.0.Final\kie-soup-project-datamodel-commons-7.70.0.Final.jar;D:\maven\repository\org\kie\soup\kie-soup-project-datamodel-api\7.70.0.Final\kie-soup-project-datamodel-api-7.70.0.Final.jar;D:\maven\repository\org\kie\kie-dmn-api\7.70.0.Final\kie-dmn-api-7.70.0.Final.jar;D:\maven\repository\org\kie\kie-dmn-feel\7.70.0.Final\kie-dmn-feel-7.70.0.Final.jar;D:\maven\repository\org\kie\kie-dmn-model\7.70.0.Final\kie-dmn-model-7.70.0.Final.jar;D:\maven\repository\org\antlr\antlr4-runtime\4.9.2\antlr4-runtime-4.9.2.jar;D:\maven\repository\com\github\javaparser\javaparser-core\3.23.1\javaparser-core-3.23.1.jar;D:\maven\repository\ch\obermuhlner\big-math\2.0.1\big-math-2.0.1.jar;D:\maven\repository\org\kie\kie-dmn-core\7.70.0.Final\kie-dmn-core-7.70.0.Final.jar;D:\maven\repository\org\kie\kie-dmn-backend\7.70.0.Final\kie-dmn-backend-7.70.0.Final.jar;D:\maven\repository\org\drools\drools-ruleunit\7.70.0.Final\drools-ruleunit-7.70.0.Final.jar;D:\maven\repository\org\drools\drools-canonical-model\7.70.0.Final\drools-canonical-model-7.70.0.Final.jar;D:\maven\repository\org\drools\drools-model-compiler\7.70.0.Final\drools-model-compiler-7.70.0.Final.jar;D:\maven\repository\org\drools\drools-mvel-compiler\7.70.0.Final\drools-mvel-compiler-7.70.0.Final.jar;D:\maven\repository\org\drools\drools-mvel-parser\7.70.0.Final\drools-mvel-parser-7.70.0.Final.jar;D:\maven\repository\org\drools\drools-alphanetwork-compiler\7.70.0.Final\drools-alphanetwork-compiler-7.70.0.Final.jar;D:\maven\repository\org\jpmml\pmml-model\1.5.1\pmml-model-1.5.1.jar;D:\maven\repository\org\jpmml\pmml-agent\1.5.1\pmml-agent-1.5.1.jar;D:\maven\repository\com\google\protobuf\protobuf-java\3.19.4\protobuf-java-3.19.4.jar;D:\maven\repository\org\mvel\mvel2\2.4.14.Final\mvel2-2.4.14.Final.jar;D:\maven\repository\org\apache\commons\commons-lang3\3.12.0\commons-lang3-3.12.0.jar;D:\maven\repository\org\springframework\spring-tx\5.3.26\spring-tx-5.3.26.jar;D:\maven\repository\org\drools\drools-core-dynamic\7.70.0.Final\drools-core-dynamic-7.70.0.Final.jar;D:\maven\repository\org\drools\drools-decisiontables\7.70.0.Final\drools-decisiontables-7.70.0.Final.jar;D:\maven\repository\org\drools\drools-templates\7.70.0.Final\drools-templates-7.70.0.Final.jar;D:\maven\repository\org\apache\poi\poi-ooxml\4.1.2\poi-ooxml-4.1.2.jar;D:\maven\repository\org\apache\poi\poi-ooxml-schemas\4.1.2\poi-ooxml-schemas-4.1.2.jar;D:\maven\repository\org\apache\xmlbeans\xmlbeans\3.1.0\xmlbeans-3.1.0.jar;D:\maven\repository\org\apache\commons\commons-compress\1.19\commons-compress-1.19.jar;D:\maven\repository\com\github\virtuald\curvesapi\1.06\curvesapi-1.06.jar;D:\maven\repository\org\apache\poi\poi\4.1.2\poi-4.1.2.jar;D:\maven\repository\org\apache\commons\commons-collections4\4.4\commons-collections4-4.4.jar;D:\maven\repository\org\apache\commons\commons-math3\3.6.1\commons-math3-3.6.1.jar;D:\maven\repository\com\zaxxer\SparseBitSet\1.2\SparseBitSet-1.2.jar;D:\maven\repository\org\springframework\spring-beans\5.3.26\spring-beans-5.3.26.jar;D:\maven\repository\org\springframework\spring-context\5.3.26\spring-context-5.3.26.jar;D:\maven\repository\org\drools\drools-core\7.70.0.Final\drools-core-7.70.0.Final.jar;D:\maven\repository\org\kie\soup\kie-soup-xstream\7.70.0.Final\kie-soup-xstream-7.70.0.Final.jar;D:\maven\repository\commons-codec\commons-codec\1.15\commons-codec-1.15.jar;D:\maven\repository\com\baomidou\mybatis-plus-boot-starter\3.5.3.1\mybatis-plus-boot-starter-3.5.3.1.jar;D:\maven\repository\com\baomidou\mybatis-plus\3.5.3.1\mybatis-plus-3.5.3.1.jar;D:\maven\repository\com\baomidou\mybatis-plus-extension\3.5.3.1\mybatis-plus-extension-3.5.3.1.jar;D:\maven\repository\com\baomidou\mybatis-plus-core\3.5.3.1\mybatis-plus-core-3.5.3.1.jar;D:\maven\repository\com\baomidou\mybatis-plus-annotation\3.5.3.1\mybatis-plus-annotation-3.5.3.1.jar;D:\maven\repository\com\github\jsqlparser\jsqlparser\4.4\jsqlparser-4.4.jar;D:\maven\repository\org\mybatis\mybatis\3.5.10\mybatis-3.5.10.jar;D:\maven\repository\org\mybatis\mybatis-spring\2.0.7\mybatis-spring-2.0.7.jar;D:\maven\repository\org\springframework\boot\spring-boot-autoconfigure\2.7.10\spring-boot-autoconfigure-2.7.10.jar;D:\maven\repository\com\alibaba\druid\1.1.9\druid-1.1.9.jar;D:\maven\repository\org\projectlombok\lombok\1.18.26\lombok-1.18.26.jar;D:\maven\repository\com\auth0\java-jwt\3.8.2\java-jwt-3.8.2.jar;D:\maven\repository\com\fasterxml\jackson\core\jackson-databind\2.13.5\jackson-databind-2.13.5.jar;D:\maven\repository\com\fasterxml\jackson\core\jackson-core\2.13.5\jackson-core-2.13.5.jar;D:\maven\repository\org\springframework\boot\spring-boot-devtools\2.7.10\spring-boot-devtools-2.7.10.jar;D:\maven\repository\org\springframework\boot\spring-boot\2.7.10\spring-boot-2.7.10.jar;D:\maven\repository\junit\junit\4.13.2\junit-4.13.2.jar;D:\maven\repository\org\hamcrest\hamcrest-core\2.2\hamcrest-core-2.2.jar;"/>
    <property name="sun.cpu.endian" value="little"/>
    <property name="user.home" value="C:\Users\lizh-w"/>
    <property name="user.language" value="zh"/>
    <property name="java.specification.vendor" value="Oracle Corporation"/>
    <property name="java.home" value="D:\jdk8\jre"/>
    <property name="basedir" value="D:\bbbCode\IndividualProject\GameInformation\Java"/>
    <property name="file.separator" value="\"/>
    <property name="line.separator" value="&#10;"/>
    <property name="java.vm.specification.vendor" value="Oracle Corporation"/>
    <property name="java.specification.name" value="Java Platform API Specification"/>
    <property name="java.awt.graphicsenv" value="sun.awt.Win32GraphicsEnvironment"/>
    <property name="surefire.real.class.path" value="C:\Users\lizh-w\AppData\Local\Temp\surefire5520601205564452230\surefirebooter1048934020235849355.jar"/>
    <property name="sun.boot.class.path" value="D:\jdk8\jre\lib\resources.jar;D:\jdk8\jre\lib\rt.jar;D:\jdk8\jre\lib\sunrsasign.jar;D:\jdk8\jre\lib\jsse.jar;D:\jdk8\jre\lib\jce.jar;D:\jdk8\jre\lib\charsets.jar;D:\jdk8\jre\lib\jfr.jar;D:\jdk8\jre\classes"/>
    <property name="user.script" value=""/>
    <property name="sun.management.compiler" value="HotSpot 64-Bit Tiered Compilers"/>
    <property name="java.runtime.version" value="1.8.0_202-b08"/>
    <property name="user.name" value="lizh-w"/>
    <property name="path.separator" value=";"/>
    <property name="os.version" value="10.0"/>
    <property name="java.endorsed.dirs" value="D:\jdk8\jre\lib\endorsed"/>
    <property name="java.runtime.name" value="Java(TM) SE Runtime Environment"/>
    <property name="file.encoding" value="GBK"/>
    <property name="java.vm.name" value="Java HotSpot(TM) 64-Bit Server VM"/>
    <property name="localRepository" value="D:\maven\repository"/>
    <property name="java.vendor.url.bug" value="http://bugreport.sun.com/bugreport/"/>
    <property name="java.io.tmpdir" value="C:\Users\lizh-w\AppData\Local\Temp\"/>
    <property name="idea.version" value="2022.2.2"/>
    <property name="java.version" value="1.8.0_202"/>
    <property name="user.dir" value="D:\bbbCode\IndividualProject\GameInformation\Java"/>
    <property name="os.arch" value="amd64"/>
    <property name="java.vm.specification.name" value="Java Virtual Machine Specification"/>
    <property name="java.awt.printerjob" value="sun.awt.windows.WPrinterJob"/>
    <property name="sun.os.patch.level" value=""/>
    <property name="java.library.path" value="D:\jdk8\jre\bin;C:\Windows\Sun\Java\bin;C:\Windows\system32;C:\Windows;C:\Program Files\YunShu\utils;C:\Program Files (x86)\Common Files\Oracle\Java\javapath;C:\Windows\system32;C:\Windows;C:\Windows\System32\Wbem;C:\Windows\System32\WindowsPowerShell\v1.0\;C:\Windows\System32\OpenSSH\;D:\jdk8\bin;D:\mysql8\bin;D:\maven\apache-maven-3.8.1\bin;D:\node;D:\node\node_cache;D:\node\node_global;D:\cmder;D:\Git\cmd;%NVM_HOME%;%NVM_SYMLINK%;E:\xshell\;C:\Users\lizh-w\AppData\Local\Microsoft\WindowsApps;D:\IntelliJ IDEA Community Edition 2022.2.1\bin;;D:\Microsoft VS Code\bin;C:\Users\lizh-w\AppData\Roaming\npm;C:\Users\lizh-w\AppData\Local\GitHubDesktop\bin;D:\nvm;C:\Program Files\nodejs;D:\SSHclient;D:\ideaPo\IntelliJ IDEA 2022.2.2\bin;;."/>
    <property name="java.vm.info" value="mixed mode"/>
    <property name="java.vendor" value="Oracle Corporation"/>
    <property name="java.vm.version" value="25.202-b08"/>
    <property name="java.ext.dirs" value="D:\jdk8\jre\lib\ext;C:\Windows\Sun\Java\lib\ext"/>
    <property name="sun.io.unicode.encoding" value="UnicodeLittle"/>
    <property name="java.class.version" value="52.0"/>
  </properties>
  <testcase name="people" classname="com.promise.DroolsApplicationTests" time="0.238"/>
  <testcase name="FileExists" classname="com.promise.DroolsApplicationTests" time="0.005"/>
</testsuite>